<?xml version="1.0" encoding="UTF-8"?>
<!-- Generated by org.testng.reporters.JUnitXMLReporter -->
<testsuite ignored="5" hostname="Sharanyas-MacBook-Pro.local" failures="0" tests="1" name="Default test" time="11.877" errors="0" timestamp="22 May 2022 20:36:04 GMT">
  <testcase classname="com.walmart.testCases.TC_ShoppingCart_001" name="removeAllItems" time="10.07"/>
  <testcase classname="com.walmart.testCases.TC_ShoppingCart_001" name="addSameItems" time="0.0">
    <ignored/>
  </testcase> <!-- addSameItems -->
  <testcase classname="com.walmart.testCases.TC_ShoppingCart_001" name="differentItems" time="0.0">
    <ignored/>
  </testcase> <!-- differentItems -->
  <testcase classname="com.walmart.testCases.TC_ShoppingCart_001" name="addProducts" time="0.0">
    <ignored/>
  </testcase> <!-- addProducts -->
  <testcase classname="com.walmart.testCases.TC_ShoppingCart_001" name="increaseQuantity" time="0.0">
    <ignored/>
  </testcase> <!-- increaseQuantity -->
  <testcase classname="com.walmart.testCases.TC_ShoppingCart_001" name="removeItems" time="0.0">
    <ignored/>
  </testcase> <!-- removeItems -->
</testsuite> <!-- Default test -->
